2023-09-02 17:58:55,123 [main] INFO c.n.m.FoodStand [FoodStand.java:21] - 양파 상품을 진열했습니다.
2023-09-02 17:58:55,127 [main] INFO c.n.m.FoodStand [FoodStand.java:21] - 양파 상품을 진열했습니다.
2023-09-02 17:58:55,127 [main] INFO c.n.m.FoodStand [FoodStand.java:21] - 계란 상품을 진열했습니다.
2023-09-02 17:58:55,127 [main] INFO c.n.m.FoodStand [FoodStand.java:21] - 계란 상품을 진열했습니다.
2023-09-02 17:58:55,127 [main] INFO c.n.m.FoodStand [FoodStand.java:21] - 계란 상품을 진열했습니다.
2023-09-02 17:58:55,127 [main] INFO c.n.m.FoodStand [FoodStand.java:21] - 계란 상품을 진열했습니다.
2023-09-02 17:58:55,127 [main] INFO c.n.m.FoodStand [FoodStand.java:21] - 계란 상품을 진열했습니다.
2023-09-02 17:58:55,127 [main] INFO c.n.m.FoodStand [FoodStand.java:21] - 파 상품을 진열했습니다.
2023-09-02 17:58:55,127 [main] INFO c.n.m.FoodStand [FoodStand.java:21] - 파 상품을 진열했습니다.
2023-09-02 17:58:55,127 [main] INFO c.n.m.FoodStand [FoodStand.java:21] - 파 상품을 진열했습니다.
2023-09-02 17:58:55,127 [main] INFO c.n.m.FoodStand [FoodStand.java:21] - 파 상품을 진열했습니다.
2023-09-02 17:58:55,127 [main] INFO c.n.m.FoodStand [FoodStand.java:21] - 파 상품을 진열했습니다.
2023-09-02 17:58:55,127 [main] INFO c.n.m.FoodStand [FoodStand.java:21] - 파 상품을 진열했습니다.
2023-09-02 17:58:55,127 [main] INFO c.n.m.FoodStand [FoodStand.java:21] - 파 상품을 진열했습니다.
2023-09-02 17:58:55,127 [main] INFO c.n.m.FoodStand [FoodStand.java:21] - 파 상품을 진열했습니다.
2023-09-02 17:58:55,127 [main] INFO c.n.m.FoodStand [FoodStand.java:21] - 파 상품을 진열했습니다.
2023-09-02 17:58:55,127 [main] INFO c.n.m.FoodStand [FoodStand.java:21] - 파 상품을 진열했습니다.
2023-09-02 17:58:55,127 [main] INFO c.n.m.FoodStand [FoodStand.java:21] - 사과 상품을 진열했습니다.
2023-09-02 17:58:55,127 [main] INFO c.n.m.FoodStand [FoodStand.java:21] - 사과 상품을 진열했습니다.
2023-09-02 17:58:55,127 [main] INFO c.n.m.FoodStand [FoodStand.java:21] - 사과 상품을 진열했습니다.
2023-09-02 17:58:55,127 [main] INFO c.n.m.FoodStand [FoodStand.java:21] - 사과 상품을 진열했습니다.
2023-09-02 17:58:55,127 [main] INFO c.n.m.FoodStand [FoodStand.java:21] - 사과 상품을 진열했습니다.
2023-09-02 17:58:55,127 [main] INFO c.n.m.FoodStand [FoodStand.java:21] - 사과 상품을 진열했습니다.
2023-09-02 17:58:55,127 [main] INFO c.n.m.FoodStand [FoodStand.java:21] - 사과 상품을 진열했습니다.
2023-09-02 17:58:55,128 [main] INFO c.n.m.FoodStand [FoodStand.java:21] - 사과 상품을 진열했습니다.
2023-09-02 17:58:55,128 [main] INFO c.n.m.FoodStand [FoodStand.java:21] - 사과 상품을 진열했습니다.
2023-09-02 17:58:55,128 [main] INFO c.n.m.FoodStand [FoodStand.java:21] - 사과 상품을 진열했습니다.
2023-09-02 17:58:55,128 [main] INFO c.n.m.FoodStand [FoodStand.java:21] - 사과 상품을 진열했습니다.
2023-09-02 17:58:55,128 [main] INFO c.n.m.FoodStand [FoodStand.java:21] - 사과 상품을 진열했습니다.
2023-09-02 17:58:55,128 [main] INFO c.n.m.FoodStand [FoodStand.java:21] - 사과 상품을 진열했습니다.
2023-09-02 17:58:55,128 [main] INFO c.n.m.FoodStand [FoodStand.java:21] - 사과 상품을 진열했습니다.
2023-09-02 17:58:55,128 [main] INFO c.n.m.FoodStand [FoodStand.java:21] - 사과 상품을 진열했습니다.
2023-09-02 17:58:55,128 [main] INFO c.n.m.FoodStand [FoodStand.java:21] - 사과 상품을 진열했습니다.
2023-09-02 17:58:55,128 [main] INFO c.n.m.FoodStand [FoodStand.java:21] - 사과 상품을 진열했습니다.
2023-09-02 17:58:55,128 [main] INFO c.n.m.FoodStand [FoodStand.java:21] - 사과 상품을 진열했습니다.
2023-09-02 17:58:55,128 [main] INFO c.n.m.FoodStand [FoodStand.java:21] - 사과 상품을 진열했습니다.
2023-09-02 17:58:55,128 [main] INFO c.n.m.FoodStand [FoodStand.java:21] - 사과 상품을 진열했습니다.
2023-09-02 17:58:55,138 [main] INFO c.n.m.NhnMartShell [NhnMartShell.java:44] - NHN 마트에 오신 것을 환영합니다. 사고 싶은 물건을 골라주세요.
2023-09-02 17:59:17,193 [main] INFO c.n.m.BuyList [BuyList.java:24] - 양파 상품 2개를 구매항목에 추가하였습니다.
2023-09-02 17:59:17,194 [main] INFO c.n.m.BuyList [BuyList.java:24] - 계란 상품 2개를 구매항목에 추가하였습니다.
2023-09-02 17:59:17,194 [main] INFO c.n.m.BuyList [BuyList.java:24] - 파 상품 4개를 구매항목에 추가하였습니다.
2023-09-02 17:59:17,195 [main] INFO c.n.m.FoodStand [FoodStand.java:34] - 양파 삭제
2023-09-02 17:59:17,196 [main] INFO c.n.m.FoodStand [FoodStand.java:34] - 양파 삭제
2023-09-02 17:59:17,196 [main] INFO c.n.m.FoodStand [FoodStand.java:34] - 계란 삭제
2023-09-02 17:59:17,196 [main] INFO c.n.m.FoodStand [FoodStand.java:34] - 계란 삭제
2023-09-02 17:59:17,196 [main] INFO c.n.m.FoodStand [FoodStand.java:34] - 파 삭제
2023-09-02 17:59:17,196 [main] INFO c.n.m.FoodStand [FoodStand.java:34] - 파 삭제
2023-09-02 17:59:17,196 [main] INFO c.n.m.FoodStand [FoodStand.java:34] - 파 삭제
2023-09-02 17:59:17,196 [main] INFO c.n.m.FoodStand [FoodStand.java:34] - 파 삭제
2023-09-02 17:59:17,197 [main] INFO c.n.m.Counter [Counter.java:31] - 총 결제 금액 : 14000
2023-09-02 17:59:17,197 [main] INFO c.n.m.Customer [Customer.java:70] - 고객님 결제 후 잔액 : 6000
2023-09-02 18:06:23,307 [main] WARN c.n.m.Counter [Counter.java:27] - 계산 실패 .. 가격은 5000 원 입니다. 소지금이 부족합니다.
2023-09-02 18:06:23,313 [main] INFO c.n.m.Counter [Counter.java:31] - 총 결제 금액 : 2000
2023-09-02 18:06:23,316 [main] INFO c.n.m.BuyList [BuyList.java:24] - 양파 상품 2개를 구매항목에 추가하였습니다.
2023-09-02 18:06:23,317 [main] WARN c.n.m.BuyList [BuyList.java:43] - Item 추가 실패 .. 항목의 이름은 공백이나 Null일 수 없습니다
2023-09-02 18:06:23,318 [main] WARN c.n.m.BuyList [BuyList.java:47] - Item 추가 실패 .. 항목의 수량은 1보다 작을 수 없습니다.
2023-09-02 18:06:23,323 [main] INFO c.n.m.FoodStand [FoodStand.java:21] - 양파 상품을 진열했습니다.
2023-09-02 18:06:23,324 [main] WARN c.n.m.FoodStand [FoodStand.java:39] - 삭제 실패 .. 상품 매대에 양파 상품이 존재 하지 않습니다.
2023-09-02 18:06:23,325 [main] INFO c.n.m.FoodStand [FoodStand.java:21] - 양파 상품을 진열했습니다.
2023-09-02 18:06:23,325 [main] INFO c.n.m.FoodStand [FoodStand.java:34] - 양파 삭제
2023-09-02 18:06:23,327 [main] INFO c.n.m.FoodStand [FoodStand.java:21] - 양파 상품을 진열했습니다.
2023-09-02 18:06:23,327 [main] INFO c.n.m.FoodStand [FoodStand.java:21] - 양파 상품을 진열했습니다.
2023-09-02 18:06:23,327 [main] INFO c.n.m.FoodStand [FoodStand.java:21] - 계란 상품을 진열했습니다.
2023-09-02 18:06:23,328 [main] INFO c.n.m.FoodStand [FoodStand.java:21] - 계란 상품을 진열했습니다.
2023-09-02 18:06:23,328 [main] INFO c.n.m.FoodStand [FoodStand.java:21] - 계란 상품을 진열했습니다.
2023-09-02 18:06:23,328 [main] INFO c.n.m.FoodStand [FoodStand.java:21] - 계란 상품을 진열했습니다.
2023-09-02 18:06:23,328 [main] INFO c.n.m.FoodStand [FoodStand.java:21] - 계란 상품을 진열했습니다.
2023-09-02 18:06:23,328 [main] INFO c.n.m.FoodStand [FoodStand.java:21] - 파 상품을 진열했습니다.
2023-09-02 18:06:23,328 [main] INFO c.n.m.FoodStand [FoodStand.java:21] - 파 상품을 진열했습니다.
2023-09-02 18:06:23,328 [main] INFO c.n.m.FoodStand [FoodStand.java:21] - 파 상품을 진열했습니다.
2023-09-02 18:06:23,328 [main] INFO c.n.m.FoodStand [FoodStand.java:21] - 파 상품을 진열했습니다.
2023-09-02 18:06:23,328 [main] INFO c.n.m.FoodStand [FoodStand.java:21] - 파 상품을 진열했습니다.
2023-09-02 18:06:23,328 [main] INFO c.n.m.FoodStand [FoodStand.java:21] - 파 상품을 진열했습니다.
2023-09-02 18:06:23,328 [main] INFO c.n.m.FoodStand [FoodStand.java:21] - 파 상품을 진열했습니다.
2023-09-02 18:06:23,328 [main] INFO c.n.m.FoodStand [FoodStand.java:21] - 파 상품을 진열했습니다.
2023-09-02 18:06:23,328 [main] INFO c.n.m.FoodStand [FoodStand.java:21] - 파 상품을 진열했습니다.
2023-09-02 18:06:23,329 [main] INFO c.n.m.FoodStand [FoodStand.java:21] - 파 상품을 진열했습니다.
2023-09-02 18:06:23,329 [main] INFO c.n.m.FoodStand [FoodStand.java:21] - 사과 상품을 진열했습니다.
2023-09-02 18:06:23,329 [main] INFO c.n.m.FoodStand [FoodStand.java:21] - 사과 상품을 진열했습니다.
2023-09-02 18:06:23,329 [main] INFO c.n.m.FoodStand [FoodStand.java:21] - 사과 상품을 진열했습니다.
2023-09-02 18:06:23,329 [main] INFO c.n.m.FoodStand [FoodStand.java:21] - 사과 상품을 진열했습니다.
2023-09-02 18:06:23,329 [main] INFO c.n.m.FoodStand [FoodStand.java:21] - 사과 상품을 진열했습니다.
2023-09-02 18:06:23,329 [main] INFO c.n.m.FoodStand [FoodStand.java:21] - 사과 상품을 진열했습니다.
2023-09-02 18:06:23,329 [main] INFO c.n.m.FoodStand [FoodStand.java:21] - 사과 상품을 진열했습니다.
2023-09-02 18:06:23,329 [main] INFO c.n.m.FoodStand [FoodStand.java:21] - 사과 상품을 진열했습니다.
2023-09-02 18:06:23,329 [main] INFO c.n.m.FoodStand [FoodStand.java:21] - 사과 상품을 진열했습니다.
2023-09-02 18:06:23,329 [main] INFO c.n.m.FoodStand [FoodStand.java:21] - 사과 상품을 진열했습니다.
2023-09-02 18:06:23,329 [main] INFO c.n.m.FoodStand [FoodStand.java:21] - 사과 상품을 진열했습니다.
2023-09-02 18:06:23,329 [main] INFO c.n.m.FoodStand [FoodStand.java:21] - 사과 상품을 진열했습니다.
2023-09-02 18:06:23,329 [main] INFO c.n.m.FoodStand [FoodStand.java:21] - 사과 상품을 진열했습니다.
2023-09-02 18:06:23,329 [main] INFO c.n.m.FoodStand [FoodStand.java:21] - 사과 상품을 진열했습니다.
2023-09-02 18:06:23,330 [main] INFO c.n.m.FoodStand [FoodStand.java:21] - 사과 상품을 진열했습니다.
2023-09-02 18:06:23,330 [main] INFO c.n.m.FoodStand [FoodStand.java:21] - 사과 상품을 진열했습니다.
2023-09-02 18:06:23,330 [main] INFO c.n.m.FoodStand [FoodStand.java:21] - 사과 상품을 진열했습니다.
2023-09-02 18:06:23,330 [main] INFO c.n.m.FoodStand [FoodStand.java:21] - 사과 상품을 진열했습니다.
2023-09-02 18:06:23,330 [main] INFO c.n.m.FoodStand [FoodStand.java:21] - 사과 상품을 진열했습니다.
2023-09-02 18:06:23,330 [main] INFO c.n.m.FoodStand [FoodStand.java:21] - 사과 상품을 진열했습니다.
2023-09-02 18:06:23,330 [main] INFO c.n.m.BuyList [BuyList.java:24] - 피망 상품 2개를 구매항목에 추가하였습니다.
2023-09-02 18:06:23,330 [main] WARN c.n.m.FoodStand [FoodStand.java:39] - 삭제 실패 .. 상품 매대에 피망 상품이 존재 하지 않습니다.
2023-09-02 18:06:23,331 [main] INFO c.n.m.FoodStand [FoodStand.java:21] - 양파 상품을 진열했습니다.
2023-09-02 18:06:23,331 [main] INFO c.n.m.FoodStand [FoodStand.java:21] - 양파 상품을 진열했습니다.
2023-09-02 18:06:23,331 [main] INFO c.n.m.FoodStand [FoodStand.java:21] - 계란 상품을 진열했습니다.
2023-09-02 18:06:23,331 [main] INFO c.n.m.FoodStand [FoodStand.java:21] - 계란 상품을 진열했습니다.
2023-09-02 18:06:23,331 [main] INFO c.n.m.FoodStand [FoodStand.java:21] - 계란 상품을 진열했습니다.
2023-09-02 18:06:23,331 [main] INFO c.n.m.FoodStand [FoodStand.java:21] - 계란 상품을 진열했습니다.
2023-09-02 18:06:23,331 [main] INFO c.n.m.FoodStand [FoodStand.java:21] - 계란 상품을 진열했습니다.
2023-09-02 18:06:23,332 [main] INFO c.n.m.FoodStand [FoodStand.java:21] - 파 상품을 진열했습니다.
2023-09-02 18:06:23,332 [main] INFO c.n.m.FoodStand [FoodStand.java:21] - 파 상품을 진열했습니다.
2023-09-02 18:06:23,332 [main] INFO c.n.m.FoodStand [FoodStand.java:21] - 파 상품을 진열했습니다.
2023-09-02 18:06:23,332 [main] INFO c.n.m.FoodStand [FoodStand.java:21] - 파 상품을 진열했습니다.
2023-09-02 18:06:23,332 [main] INFO c.n.m.FoodStand [FoodStand.java:21] - 파 상품을 진열했습니다.
2023-09-02 18:06:23,332 [main] INFO c.n.m.FoodStand [FoodStand.java:21] - 파 상품을 진열했습니다.
2023-09-02 18:06:23,332 [main] INFO c.n.m.FoodStand [FoodStand.java:21] - 파 상품을 진열했습니다.
2023-09-02 18:06:23,332 [main] INFO c.n.m.FoodStand [FoodStand.java:21] - 파 상품을 진열했습니다.
2023-09-02 18:06:23,332 [main] INFO c.n.m.FoodStand [FoodStand.java:21] - 파 상품을 진열했습니다.
2023-09-02 18:06:23,332 [main] INFO c.n.m.FoodStand [FoodStand.java:21] - 파 상품을 진열했습니다.
2023-09-02 18:06:23,332 [main] INFO c.n.m.FoodStand [FoodStand.java:21] - 사과 상품을 진열했습니다.
2023-09-02 18:06:23,333 [main] INFO c.n.m.FoodStand [FoodStand.java:21] - 사과 상품을 진열했습니다.
2023-09-02 18:06:23,333 [main] INFO c.n.m.FoodStand [FoodStand.java:21] - 사과 상품을 진열했습니다.
2023-09-02 18:06:23,333 [main] INFO c.n.m.FoodStand [FoodStand.java:21] - 사과 상품을 진열했습니다.
2023-09-02 18:06:23,333 [main] INFO c.n.m.FoodStand [FoodStand.java:21] - 사과 상품을 진열했습니다.
2023-09-02 18:06:23,333 [main] INFO c.n.m.FoodStand [FoodStand.java:21] - 사과 상품을 진열했습니다.
2023-09-02 18:06:23,333 [main] INFO c.n.m.FoodStand [FoodStand.java:21] - 사과 상품을 진열했습니다.
2023-09-02 18:06:23,333 [main] INFO c.n.m.FoodStand [FoodStand.java:21] - 사과 상품을 진열했습니다.
2023-09-02 18:06:23,333 [main] INFO c.n.m.FoodStand [FoodStand.java:21] - 사과 상품을 진열했습니다.
2023-09-02 18:06:23,333 [main] INFO c.n.m.FoodStand [FoodStand.java:21] - 사과 상품을 진열했습니다.
2023-09-02 18:06:23,333 [main] INFO c.n.m.FoodStand [FoodStand.java:21] - 사과 상품을 진열했습니다.
2023-09-02 18:06:23,333 [main] INFO c.n.m.FoodStand [FoodStand.java:21] - 사과 상품을 진열했습니다.
2023-09-02 18:06:23,333 [main] INFO c.n.m.FoodStand [FoodStand.java:21] - 사과 상품을 진열했습니다.
2023-09-02 18:06:23,333 [main] INFO c.n.m.FoodStand [FoodStand.java:21] - 사과 상품을 진열했습니다.
2023-09-02 18:06:23,333 [main] INFO c.n.m.FoodStand [FoodStand.java:21] - 사과 상품을 진열했습니다.
2023-09-02 18:06:23,334 [main] INFO c.n.m.FoodStand [FoodStand.java:21] - 사과 상품을 진열했습니다.
2023-09-02 18:06:23,334 [main] INFO c.n.m.FoodStand [FoodStand.java:21] - 사과 상품을 진열했습니다.
2023-09-02 18:06:23,334 [main] INFO c.n.m.FoodStand [FoodStand.java:21] - 사과 상품을 진열했습니다.
2023-09-02 18:06:23,334 [main] INFO c.n.m.FoodStand [FoodStand.java:21] - 사과 상품을 진열했습니다.
2023-09-02 18:06:23,334 [main] INFO c.n.m.FoodStand [FoodStand.java:21] - 사과 상품을 진열했습니다.
2023-09-02 18:06:23,334 [main] INFO c.n.m.BuyList [BuyList.java:24] - 양파 상품 2개를 구매항목에 추가하였습니다.
2023-09-02 18:06:23,334 [main] INFO c.n.m.FoodStand [FoodStand.java:34] - 양파 삭제
2023-09-02 18:06:23,334 [main] INFO c.n.m.FoodStand [FoodStand.java:34] - 양파 삭제
2023-09-02 18:06:23,334 [main] INFO c.n.m.Counter [Counter.java:31] - 총 결제 금액 : 2000
2023-09-02 18:06:23,334 [main] INFO c.n.m.Customer [Customer.java:70] - 고객님 결제 후 잔액 : 18000
2023-09-02 18:06:23,335 [main] INFO c.n.m.FoodStand [FoodStand.java:21] - 양파 상품을 진열했습니다.
2023-09-02 18:06:23,335 [main] INFO c.n.m.FoodStand [FoodStand.java:21] - 양파 상품을 진열했습니다.
2023-09-02 18:06:23,335 [main] INFO c.n.m.FoodStand [FoodStand.java:21] - 계란 상품을 진열했습니다.
2023-09-02 18:06:23,335 [main] INFO c.n.m.FoodStand [FoodStand.java:21] - 계란 상품을 진열했습니다.
2023-09-02 18:06:23,335 [main] INFO c.n.m.FoodStand [FoodStand.java:21] - 계란 상품을 진열했습니다.
2023-09-02 18:06:23,335 [main] INFO c.n.m.FoodStand [FoodStand.java:21] - 계란 상품을 진열했습니다.
2023-09-02 18:06:23,336 [main] INFO c.n.m.FoodStand [FoodStand.java:21] - 계란 상품을 진열했습니다.
2023-09-02 18:06:23,336 [main] INFO c.n.m.FoodStand [FoodStand.java:21] - 파 상품을 진열했습니다.
2023-09-02 18:06:23,336 [main] INFO c.n.m.FoodStand [FoodStand.java:21] - 파 상품을 진열했습니다.
2023-09-02 18:06:23,336 [main] INFO c.n.m.FoodStand [FoodStand.java:21] - 파 상품을 진열했습니다.
2023-09-02 18:06:23,336 [main] INFO c.n.m.FoodStand [FoodStand.java:21] - 파 상품을 진열했습니다.
2023-09-02 18:06:23,336 [main] INFO c.n.m.FoodStand [FoodStand.java:21] - 파 상품을 진열했습니다.
2023-09-02 18:06:23,336 [main] INFO c.n.m.FoodStand [FoodStand.java:21] - 파 상품을 진열했습니다.
2023-09-02 18:06:23,336 [main] INFO c.n.m.FoodStand [FoodStand.java:21] - 파 상품을 진열했습니다.
2023-09-02 18:06:23,336 [main] INFO c.n.m.FoodStand [FoodStand.java:21] - 파 상품을 진열했습니다.
2023-09-02 18:06:23,336 [main] INFO c.n.m.FoodStand [FoodStand.java:21] - 파 상품을 진열했습니다.
2023-09-02 18:06:23,336 [main] INFO c.n.m.FoodStand [FoodStand.java:21] - 파 상품을 진열했습니다.
2023-09-02 18:06:23,336 [main] INFO c.n.m.FoodStand [FoodStand.java:21] - 사과 상품을 진열했습니다.
2023-09-02 18:06:23,336 [main] INFO c.n.m.FoodStand [FoodStand.java:21] - 사과 상품을 진열했습니다.
2023-09-02 18:06:23,336 [main] INFO c.n.m.FoodStand [FoodStand.java:21] - 사과 상품을 진열했습니다.
2023-09-02 18:06:23,336 [main] INFO c.n.m.FoodStand [FoodStand.java:21] - 사과 상품을 진열했습니다.
2023-09-02 18:06:23,336 [main] INFO c.n.m.FoodStand [FoodStand.java:21] - 사과 상품을 진열했습니다.
2023-09-02 18:06:23,336 [main] INFO c.n.m.FoodStand [FoodStand.java:21] - 사과 상품을 진열했습니다.
2023-09-02 18:06:23,337 [main] INFO c.n.m.FoodStand [FoodStand.java:21] - 사과 상품을 진열했습니다.
2023-09-02 18:06:23,337 [main] INFO c.n.m.FoodStand [FoodStand.java:21] - 사과 상품을 진열했습니다.
2023-09-02 18:06:23,337 [main] INFO c.n.m.FoodStand [FoodStand.java:21] - 사과 상품을 진열했습니다.
2023-09-02 18:06:23,337 [main] INFO c.n.m.FoodStand [FoodStand.java:21] - 사과 상품을 진열했습니다.
2023-09-02 18:06:23,337 [main] INFO c.n.m.FoodStand [FoodStand.java:21] - 사과 상품을 진열했습니다.
2023-09-02 18:06:23,337 [main] INFO c.n.m.FoodStand [FoodStand.java:21] - 사과 상품을 진열했습니다.
2023-09-02 18:06:23,337 [main] INFO c.n.m.FoodStand [FoodStand.java:21] - 사과 상품을 진열했습니다.
2023-09-02 18:06:23,337 [main] INFO c.n.m.FoodStand [FoodStand.java:21] - 사과 상품을 진열했습니다.
2023-09-02 18:06:23,337 [main] INFO c.n.m.FoodStand [FoodStand.java:21] - 사과 상품을 진열했습니다.
2023-09-02 18:06:23,337 [main] INFO c.n.m.FoodStand [FoodStand.java:21] - 사과 상품을 진열했습니다.
2023-09-02 18:06:23,337 [main] INFO c.n.m.FoodStand [FoodStand.java:21] - 사과 상품을 진열했습니다.
2023-09-02 18:06:23,337 [main] INFO c.n.m.FoodStand [FoodStand.java:21] - 사과 상품을 진열했습니다.
2023-09-02 18:06:23,337 [main] INFO c.n.m.FoodStand [FoodStand.java:21] - 사과 상품을 진열했습니다.
2023-09-02 18:06:23,337 [main] INFO c.n.m.FoodStand [FoodStand.java:21] - 사과 상품을 진열했습니다.
2023-09-02 18:06:23,337 [main] INFO c.n.m.BuyList [BuyList.java:24] - 양파 상품 2개를 구매항목에 추가하였습니다.
2023-09-02 18:06:23,337 [main] INFO c.n.m.FoodStand [FoodStand.java:34] - 양파 삭제
2023-09-02 18:06:23,337 [main] INFO c.n.m.FoodStand [FoodStand.java:34] - 양파 삭제
2023-09-02 18:06:23,341 [main] WARN c.n.m.Food [Food.java:24] - 상품의 이름은 공백이거나 Null값이 들어올 수 없습니다.
2023-09-02 18:06:23,341 [main] WARN c.n.m.Food [Food.java:28] - 상품의 가격은 0원 이하가 될 수 없습니다.
2023-09-02 18:06:23,342 [main] INFO c.n.m.FoodStand [FoodStand.java:21] - 양파 상품을 진열했습니다.
2023-09-02 18:06:23,342 [main] INFO c.n.m.FoodStand [FoodStand.java:21] - 양파 상품을 진열했습니다.
2023-09-02 18:06:23,342 [main] INFO c.n.m.FoodStand [FoodStand.java:21] - 계란 상품을 진열했습니다.
2023-09-02 18:06:23,342 [main] INFO c.n.m.FoodStand [FoodStand.java:21] - 계란 상품을 진열했습니다.
2023-09-02 18:06:23,343 [main] INFO c.n.m.FoodStand [FoodStand.java:21] - 계란 상품을 진열했습니다.
2023-09-02 18:06:23,343 [main] INFO c.n.m.FoodStand [FoodStand.java:21] - 계란 상품을 진열했습니다.
2023-09-02 18:06:23,343 [main] INFO c.n.m.FoodStand [FoodStand.java:21] - 계란 상품을 진열했습니다.
2023-09-02 18:06:23,343 [main] INFO c.n.m.FoodStand [FoodStand.java:21] - 파 상품을 진열했습니다.
2023-09-02 18:06:23,343 [main] INFO c.n.m.FoodStand [FoodStand.java:21] - 파 상품을 진열했습니다.
2023-09-02 18:06:23,343 [main] INFO c.n.m.FoodStand [FoodStand.java:21] - 파 상품을 진열했습니다.
2023-09-02 18:06:23,343 [main] INFO c.n.m.FoodStand [FoodStand.java:21] - 파 상품을 진열했습니다.
2023-09-02 18:06:23,343 [main] INFO c.n.m.FoodStand [FoodStand.java:21] - 파 상품을 진열했습니다.
2023-09-02 18:06:23,343 [main] INFO c.n.m.FoodStand [FoodStand.java:21] - 파 상품을 진열했습니다.
2023-09-02 18:06:23,343 [main] INFO c.n.m.FoodStand [FoodStand.java:21] - 파 상품을 진열했습니다.
2023-09-02 18:06:23,343 [main] INFO c.n.m.FoodStand [FoodStand.java:21] - 파 상품을 진열했습니다.
2023-09-02 18:06:23,343 [main] INFO c.n.m.FoodStand [FoodStand.java:21] - 파 상품을 진열했습니다.
2023-09-02 18:06:23,343 [main] INFO c.n.m.FoodStand [FoodStand.java:21] - 파 상품을 진열했습니다.
2023-09-02 18:06:23,343 [main] INFO c.n.m.FoodStand [FoodStand.java:21] - 사과 상품을 진열했습니다.
2023-09-02 18:06:23,343 [main] INFO c.n.m.FoodStand [FoodStand.java:21] - 사과 상품을 진열했습니다.
2023-09-02 18:06:23,343 [main] INFO c.n.m.FoodStand [FoodStand.java:21] - 사과 상품을 진열했습니다.
2023-09-02 18:06:23,343 [main] INFO c.n.m.FoodStand [FoodStand.java:21] - 사과 상품을 진열했습니다.
2023-09-02 18:06:23,343 [main] INFO c.n.m.FoodStand [FoodStand.java:21] - 사과 상품을 진열했습니다.
2023-09-02 18:06:23,343 [main] INFO c.n.m.FoodStand [FoodStand.java:21] - 사과 상품을 진열했습니다.
2023-09-02 18:06:23,343 [main] INFO c.n.m.FoodStand [FoodStand.java:21] - 사과 상품을 진열했습니다.
2023-09-02 18:06:23,343 [main] INFO c.n.m.FoodStand [FoodStand.java:21] - 사과 상품을 진열했습니다.
2023-09-02 18:06:23,344 [main] INFO c.n.m.FoodStand [FoodStand.java:21] - 사과 상품을 진열했습니다.
2023-09-02 18:06:23,344 [main] INFO c.n.m.FoodStand [FoodStand.java:21] - 사과 상품을 진열했습니다.
2023-09-02 18:06:23,344 [main] INFO c.n.m.FoodStand [FoodStand.java:21] - 사과 상품을 진열했습니다.
2023-09-02 18:06:23,344 [main] INFO c.n.m.FoodStand [FoodStand.java:21] - 사과 상품을 진열했습니다.
2023-09-02 18:06:23,344 [main] INFO c.n.m.FoodStand [FoodStand.java:21] - 사과 상품을 진열했습니다.
2023-09-02 18:06:23,344 [main] INFO c.n.m.FoodStand [FoodStand.java:21] - 사과 상품을 진열했습니다.
2023-09-02 18:06:23,344 [main] INFO c.n.m.FoodStand [FoodStand.java:21] - 사과 상품을 진열했습니다.
2023-09-02 18:06:23,344 [main] INFO c.n.m.FoodStand [FoodStand.java:21] - 사과 상품을 진열했습니다.
2023-09-02 18:06:23,344 [main] INFO c.n.m.FoodStand [FoodStand.java:21] - 사과 상품을 진열했습니다.
2023-09-02 18:06:23,344 [main] INFO c.n.m.FoodStand [FoodStand.java:21] - 사과 상품을 진열했습니다.
2023-09-02 18:06:23,344 [main] INFO c.n.m.FoodStand [FoodStand.java:21] - 사과 상품을 진열했습니다.
2023-09-02 18:06:23,344 [main] INFO c.n.m.FoodStand [FoodStand.java:21] - 사과 상품을 진열했습니다.
